# JRE version: OpenJDK Runtime Environment (8.0_152-b01) (build 1.8.0_152-release-915-b01)
# Java VM: OpenJDK 64-Bit Server VM (25.152-b01 mixed mode linux-amd64 compressed oops)
Heap:
 PSYoungGen      total 422912K, used 0K [0x00000000e0000000, 0x0000000100000000, 0x0000000100000000)
  eden space 332800K, 0% used [0x00000000e0000000,0x00000000e0000000,0x00000000f4500000)
  from space 90112K, 0% used [0x00000000fa800000,0x00000000fa800000,0x0000000100000000)
  to   space 95744K, 0% used [0x00000000f4500000,0x00000000f4500000,0x00000000fa280000)
 ParOldGen       total 235520K, used 179376K [0x00000000a0000000, 0x00000000ae600000, 0x00000000e0000000)
  object space 235520K, 76% used [0x00000000a0000000,0x00000000aaf2c218,0x00000000ae600000)
 Metaspace       used 89995K, capacity 95427K, committed 98008K, reserved 1134592K
  class space    used 11135K, capacity 12204K, committed 12544K, reserved 1048576K
GC Heap History (10 events):
Event: 1453.482 GC heap after
Heap after GC invocations=47 (full 7):
 PSYoungGen      total 439808K, used 0K [0x00000000e0000000, 0x0000000100000000, 0x0000000100000000)
  eden space 354304K, 0% used [0x00000000e0000000,0x00000000e0000000,0x00000000f5a00000)
  from space 85504K, 0% used [0x00000000fac80000,0x00000000fac80000,0x0000000100000000)
  to   space 84480K, 0% used [0x00000000f5a00000,0x00000000f5a00000,0x00000000fac80000)
 ParOldGen       total 235520K, used 82250K [0x00000000a0000000, 0x00000000ae600000, 0x00000000e0000000)
  object space 235520K, 34% used [0x00000000a0000000,0x00000000a5052b90,0x00000000ae600000)
 Metaspace       used 89460K, capacity 94889K, committed 98008K, reserved 1134592K
  class space    used 11128K, capacity 12219K, committed 12544K, reserved 1048576K
}
Event: 1470.876 GC heap before
{Heap before GC invocations=48 (full 7):
 PSYoungGen      total 439808K, used 354304K [0x00000000e0000000, 0x0000000100000000, 0x0000000100000000)
  eden space 354304K, 100% used [0x00000000e0000000,0x00000000f5a00000,0x00000000f5a00000)
  from space 85504K, 0% used [0x00000000fac80000,0x00000000fac80000,0x0000000100000000)
  to   space 84480K, 0% used [0x00000000f5a00000,0x00000000f5a00000,0x00000000fac80000)
 ParOldGen       total 235520K, used 82250K [0x00000000a0000000, 0x00000000ae600000, 0x00000000e0000000)
  object space 235520K, 34% used [0x00000000a0000000,0x00000000a5052b90,0x00000000ae600000)
 Metaspace       used 89903K, capacity 95411K, committed 98008K, reserved 1134592K
  class space    used 11155K, capacity 12276K, committed 12544K, reserved 1048576K
Event: 1470.889 GC heap after
Heap after GC invocations=48 (full 7):
 PSYoungGen      total 361472K, used 7097K [0x00000000e0000000, 0x00000000ffd00000, 0x0000000100000000)
  eden space 354304K, 0% used [0x00000000e0000000,0x00000000e0000000,0x00000000f5a00000)
  from space 7168K, 99% used [0x00000000f5a00000,0x00000000f60ee5e0,0x00000000f6100000)
  to   space 83456K, 0% used [0x00000000fab80000,0x00000000fab80000,0x00000000ffd00000)
 ParOldGen       total 235520K, used 82258K [0x00000000a0000000, 0x00000000ae600000, 0x00000000e0000000)
  object space 235520K, 34% used [0x00000000a0000000,0x00000000a5054b90,0x00000000ae600000)
 Metaspace       used 89903K, capacity 95411K, committed 98008K, reserved 1134592K
  class space    used 11155K, capacity 12276K, committed 12544K, reserved 1048576K
}
Event: 1473.566 GC heap before
{Heap before GC invocations=49 (full 7):
 PSYoungGen      total 361472K, used 361401K [0x00000000e0000000, 0x00000000ffd00000, 0x0000000100000000)
  eden space 354304K, 100% used [0x00000000e0000000,0x00000000f5a00000,0x00000000f5a00000)
  from space 7168K, 99% used [0x00000000f5a00000,0x00000000f60ee5e0,0x00000000f6100000)
  to   space 83456K, 0% used [0x00000000fab80000,0x00000000fab80000,0x00000000ffd00000)
 ParOldGen       total 235520K, used 82258K [0x00000000a0000000, 0x00000000ae600000, 0x00000000e0000000)
  object space 235520K, 34% used [0x00000000a0000000,0x00000000a5054b90,0x00000000ae600000)
 Metaspace       used 90059K, capacity 95543K, committed 98008K, reserved 1134592K
  class space    used 11161K, capacity 12276K, committed 12544K, reserved 1048576K
Event: 1473.594 GC heap after
Heap after GC invocations=49 (full 7):
 PSYoungGen      total 435712K, used 48961K [0x00000000e0000000, 0x0000000100000000, 0x0000000100000000)
  eden space 352256K, 0% used [0x00000000e0000000,0x00000000e0000000,0x00000000f5800000)
  from space 83456K, 58% used [0x00000000fab80000,0x00000000fdb504e8,0x00000000ffd00000)
  to   space 85504K, 0% used [0x00000000f5800000,0x00000000f5800000,0x00000000fab80000)
 ParOldGen       total 235520K, used 85391K [0x00000000a0000000, 0x00000000ae600000, 0x00000000e0000000)
  object space 235520K, 36% used [0x00000000a0000000,0x00000000a5363c40,0x00000000ae600000)
 Metaspace       used 90059K, capacity 95543K, committed 98008K, reserved 1134592K
  class space    used 11161K, capacity 12276K, committed 12544K, reserved 1048576K
}
Event: 1474.153 GC heap before
{Heap before GC invocations=50 (full 7):
 PSYoungGen      total 435712K, used 401217K [0x00000000e0000000, 0x0000000100000000, 0x0000000100000000)
  eden space 352256K, 100% used [0x00000000e0000000,0x00000000f5800000,0x00000000f5800000)
  from space 83456K, 58% used [0x00000000fab80000,0x00000000fdb504e8,0x00000000ffd00000)
  to   space 85504K, 0% used [0x00000000f5800000,0x00000000f5800000,0x00000000fab80000)
 ParOldGen       total 235520K, used 85391K [0x00000000a0000000, 0x00000000ae600000, 0x00000000e0000000)
  object space 235520K, 36% used [0x00000000a0000000,0x00000000a5363c40,0x00000000ae600000)
 Metaspace       used 90062K, capacity 95543K, committed 98008K, reserved 1134592K
  class space    used 11161K, capacity 12276K, committed 12544K, reserved 1048576K
Event: 1474.212 GC heap after
Heap after GC invocations=50 (full 7):
 PSYoungGen      total 434176K, used 81732K [0x00000000e0000000, 0x0000000100000000, 0x0000000100000000)
  eden space 352256K, 0% used [0x00000000e0000000,0x00000000e0000000,0x00000000f5800000)
  from space 81920K, 99% used [0x00000000f5800000,0x00000000fa7d13e0,0x00000000fa800000)
  to   space 90112K, 0% used [0x00000000fa800000,0x00000000fa800000,0x0000000100000000)
 ParOldGen       total 235520K, used 109235K [0x00000000a0000000, 0x00000000ae600000, 0x00000000e0000000)
  object space 235520K, 46% used [0x00000000a0000000,0x00000000a6aacde0,0x00000000ae600000)
 Metaspace       used 90062K, capacity 95543K, committed 98008K, reserved 1134592K
  class space    used 11161K, capacity 12276K, committed 12544K, reserved 1048576K
}
Event: 1475.556 GC heap before
{Heap before GC invocations=51 (full 7):
 PSYoungGen      total 434176K, used 433988K [0x00000000e0000000, 0x0000000100000000, 0x0000000100000000)
  eden space 352256K, 100% used [0x00000000e0000000,0x00000000f5800000,0x00000000f5800000)
  from space 81920K, 99% used [0x00000000f5800000,0x00000000fa7d13e0,0x00000000fa800000)
  to   space 90112K, 0% used [0x00000000fa800000,0x00000000fa800000,0x0000000100000000)
 ParOldGen       total 235520K, used 109235K [0x00000000a0000000, 0x00000000ae600000, 0x00000000e0000000)
  object space 235520K, 46% used [0x00000000a0000000,0x00000000a6aacde0,0x00000000ae600000)
 Metaspace       used 90103K, capacity 95671K, committed 98008K, reserved 1134592K
  class space    used 11161K, capacity 12276K, committed 12544K, reserved 1048576K
Event: 1475.623 GC heap after
Heap after GC invocations=51 (full 7):
 PSYoungGen      total 422912K, used 18019K [0x00000000e0000000, 0x0000000100000000, 0x0000000100000000)
  eden space 332800K, 0% used [0x00000000e0000000,0x00000000e0000000,0x00000000f4500000)
  from space 90112K, 19% used [0x00000000fa800000,0x00000000fb998d58,0x0000000100000000)
  to   space 95744K, 0% used [0x00000000f4500000,0x00000000f4500000,0x00000000fa280000)
 ParOldGen       total 235520K, used 229757K [0x00000000a0000000, 0x00000000ae600000, 0x00000000e0000000)
  object space 235520K, 97% used [0x00000000a0000000,0x00000000ae05f7a0,0x00000000ae600000)
 Metaspace       used 90103K, capacity 95671K, committed 98008K, reserved 1134592K
  class space    used 11161K, capacity 12276K, committed 12544K, reserved 1048576K
}
Event: 1475.675 GC heap before
{Heap before GC invocations=52 (full 8):
 PSYoungGen      total 422912K, used 18019K [0x00000000e0000000, 0x0000000100000000, 0x0000000100000000)
  eden space 332800K, 0% used [0x00000000e0000000,0x00000000e0000000,0x00000000f4500000)
  from space 90112K, 19% used [0x00000000fa800000,0x00000000fb998d58,0x0000000100000000)
  to   space 95744K, 0% used [0x00000000f4500000,0x00000000f4500000,0x00000000fa280000)
 ParOldGen       total 235520K, used 229757K [0x00000000a0000000, 0x00000000ae600000, 0x00000000e0000000)
  object space 235520K, 97% used [0x00000000a0000000,0x00000000ae05f7a0,0x00000000ae600000)
 Metaspace       used 90103K, capacity 95671K, committed 98008K, reserved 1134592K
  class space    used 11161K, capacity 12276K, committed 12544K, reserved 1048576K

